TN:
SF:/Users/eeegor/Sites/Bain/api-ipps/src/util.js
FN:1,(anonymous_0)
FN:30,(anonymous_1)
FNF:2
FNH:2
FNDA:11,(anonymous_0)
FNDA:6,(anonymous_1)
DA:1,8
DA:2,11
DA:3,11
DA:4,11
DA:5,11
DA:6,4
DA:13,7
DA:14,2
DA:20,5
DA:21,3
DA:27,2
DA:30,8
DA:31,6
DA:32,6
DA:33,6
DA:34,6
DA:35,2
DA:39,4
LF:18
LH:18
BRDA:2,0,0,11
BRDA:2,0,1,7
BRDA:2,0,2,4
BRDA:3,1,0,11
BRDA:3,1,1,7
BRDA:3,1,2,4
BRDA:4,2,0,11
BRDA:4,2,1,10
BRDA:5,3,0,4
BRDA:5,3,1,7
BRDA:5,4,0,11
BRDA:5,4,1,10
BRDA:5,4,2,6
BRDA:13,5,0,2
BRDA:13,5,1,5
BRDA:13,6,0,7
BRDA:13,6,1,6
BRDA:20,7,0,3
BRDA:20,7,1,2
BRDA:20,8,0,5
BRDA:20,8,1,4
BRDA:31,9,0,6
BRDA:31,9,1,3
BRDA:31,9,2,3
BRDA:32,10,0,6
BRDA:32,10,1,3
BRDA:32,10,2,3
BRDA:33,11,0,6
BRDA:33,11,1,5
BRDA:34,12,0,2
BRDA:34,12,1,4
BRDA:34,13,0,6
BRDA:34,13,1,3
BRF:33
BRH:33
end_of_record
TN:
SF:/Users/eeegor/Sites/Bain/api-ipps/src/provider/Provider.js
FNF:0
FNH:0
DA:3,7
LF:1
LH:1
BRF:0
BRH:0
end_of_record
TN:
SF:/Users/eeegor/Sites/Bain/api-ipps/src/provider/ProviderController.js
FN:4,(anonymous_0)
FN:10,(anonymous_1)
FN:17,(anonymous_2)
FN:22,(anonymous_3)
FN:27,(anonymous_4)
FN:31,(anonymous_5)
FN:35,(anonymous_6)
FN:37,(anonymous_7)
FN:38,(anonymous_8)
FN:55,(anonymous_9)
FN:70,(anonymous_10)
FN:71,(anonymous_11)
FN:79,(anonymous_12)
FN:94,(anonymous_13)
FN:97,(anonymous_14)
FN:105,(anonymous_15)
FN:107,(anonymous_16)
FN:111,(anonymous_17)
FNF:18
FNH:9
FNDA:6,(anonymous_0)
FNDA:6,(anonymous_1)
FNDA:1,(anonymous_2)
FNDA:1,(anonymous_3)
FNDA:5,(anonymous_4)
FNDA:0,(anonymous_5)
FNDA:1,(anonymous_6)
FNDA:1,(anonymous_7)
FNDA:1,(anonymous_8)
FNDA:2,(anonymous_9)
FNDA:0,(anonymous_10)
FNDA:0,(anonymous_11)
FNDA:0,(anonymous_12)
FNDA:0,(anonymous_13)
FNDA:0,(anonymous_14)
FNDA:0,(anonymous_15)
FNDA:0,(anonymous_16)
FNDA:0,(anonymous_17)
DA:4,7
DA:5,6
DA:6,6
DA:7,6
DA:10,7
DA:11,6
DA:12,6
DA:13,6
DA:14,6
DA:17,7
DA:22,7
DA:27,7
DA:29,5
DA:31,7
DA:32,0
DA:35,7
DA:37,7
DA:38,1
DA:39,1
DA:40,1
DA:41,1
DA:55,7
DA:70,7
DA:71,0
DA:72,0
DA:73,0
DA:78,0
DA:79,0
DA:80,0
DA:81,0
DA:86,0
DA:89,0
DA:90,0
DA:94,7
DA:95,0
DA:96,0
DA:97,0
DA:98,0
DA:99,0
DA:101,0
DA:105,7
DA:106,0
DA:107,0
DA:108,0
DA:109,0
DA:111,0
DA:112,0
DA:113,0
DA:115,0
DA:116,0
LF:50
LH:24
BRDA:6,0,0,4
BRDA:6,0,1,2
BRDA:6,1,0,6
BRDA:6,1,1,5
BRDA:12,2,0,6
BRDA:12,2,1,2
BRDA:13,3,0,6
BRDA:13,3,1,5
BRDA:13,3,2,4
BRDA:13,3,3,2
BRDA:29,4,0,2
BRDA:29,4,1,3
BRDA:29,5,0,5
BRDA:29,5,1,4
BRDA:72,6,0,0
BRDA:72,6,1,0
BRDA:72,7,0,0
BRDA:72,7,1,0
BRDA:72,7,2,0
BRDA:72,7,3,0
BRDA:78,8,0,0
BRDA:78,8,1,0
BRDA:80,9,0,0
BRDA:80,9,1,0
BRDA:80,10,0,0
BRDA:80,10,1,0
BRDA:80,10,2,0
BRDA:98,11,0,0
BRDA:98,11,1,0
BRDA:108,12,0,0
BRDA:108,12,1,0
BRDA:112,13,0,0
BRDA:112,13,1,0
BRDA:112,14,0,0
BRDA:112,14,1,0
BRDA:112,14,2,0
BRF:36
BRH:14
end_of_record
